<?xml version="1.0" encoding="UTF-8"?>
<testng-results skipped="0" failed="0" total="2" passed="2">
  <reporter-output>
  </reporter-output>
  <suite name="Default suite" duration-ms="139296" started-at="2021-04-06T07:24:00Z" finished-at="2021-04-06T07:26:19Z">
    <groups>
    </groups>
    <test name="Default test" duration-ms="139296" started-at="2021-04-06T07:24:00Z" finished-at="2021-04-06T07:26:19Z">
      <class name="keyword.test.Test1">
        <test-method status="PASS" signature="loginTest()[pri:0, instance:keyword.test.Test1@4439f31e]" name="loginTest" duration-ms="70542" started-at="2021-04-06T12:54:00Z" finished-at="2021-04-06T12:55:11Z">
          <reporter-output>
          </reporter-output>
        </test-method> <!-- loginTest -->
        <test-method status="PASS" signature="Dashboard()[pri:1, instance:keyword.test.Test1@4439f31e]" name="Dashboard" duration-ms="68715" started-at="2021-04-06T12:55:11Z" finished-at="2021-04-06T12:56:19Z">
          <reporter-output>
          </reporter-output>
        </test-method> <!-- Dashboard -->
      </class> <!-- keyword.test.Test1 -->
    </test> <!-- Default test -->
  </suite> <!-- Default suite -->
</testng-results>
